<?xml version="1.0" encoding="UTF-8"?>
<testng-results skipped="0" failed="0" total="3" passed="3">
  <reporter-output>
  </reporter-output>
  <suite name="Default suite" duration-ms="116" started-at="2016-11-05T06:16:28Z" finished-at="2016-11-05T06:16:28Z">
    <groups>
    </groups>
    <test name="Default test" duration-ms="116" started-at="2016-11-05T06:16:28Z" finished-at="2016-11-05T06:16:28Z">
      <class name="samplePackage.Class_A">
        <test-method status="PASS" signature="setData(java.lang.String, java.lang.String, java.lang.String)[pri:0, instance:samplePackage.Class_A@4b5eddd8]" name="setData" duration-ms="22" started-at="2016-11-05T11:46:28Z" data-provider="getData2" finished-at="2016-11-05T11:46:28Z">
          <params>
            <param index="0">
              <value>
                <![CDATA[sampleuser4]]>
              </value>
            </param>
            <param index="1">
              <value>
                <![CDATA[abcdef]]>
              </value>
            </param>
            <param index="2">
              <value>
                <![CDATA[HDFC]]>
              </value>
            </param>
          </params>
          <reporter-output>
          </reporter-output>
        </test-method> <!-- setData -->
        <test-method status="PASS" signature="setData(java.lang.String, java.lang.String, java.lang.String)[pri:0, instance:samplePackage.Class_A@4b5eddd8]" name="setData" duration-ms="4" started-at="2016-11-05T11:46:28Z" data-provider="getData2" finished-at="2016-11-05T11:46:28Z">
          <params>
            <param index="0">
              <value>
                <![CDATA[sampleuser5]]>
              </value>
            </param>
            <param index="1">
              <value>
                <![CDATA[zxcvb]]>
              </value>
            </param>
            <param index="2">
              <value>
                <![CDATA[ICICI]]>
              </value>
            </param>
          </params>
          <reporter-output>
          </reporter-output>
        </test-method> <!-- setData -->
        <test-method status="PASS" signature="setData(java.lang.String, java.lang.String, java.lang.String)[pri:0, instance:samplePackage.Class_A@4b5eddd8]" name="setData" duration-ms="3" started-at="2016-11-05T11:46:28Z" data-provider="getData2" finished-at="2016-11-05T11:46:28Z">
          <params>
            <param index="0">
              <value>
                <![CDATA[sampleuser6]]>
              </value>
            </param>
            <param index="1">
              <value>
                <![CDATA[pass123]]>
              </value>
            </param>
            <param index="2">
              <value>
                <![CDATA[AXIS]]>
              </value>
            </param>
          </params>
          <reporter-output>
          </reporter-output>
        </test-method> <!-- setData -->
      </class> <!-- samplePackage.Class_A -->
    </test> <!-- Default test -->
  </suite> <!-- Default suite -->
</testng-results>
